<?xml version="1.0" encoding="UTF-8"?>
<testng-results skipped="0" failed="0" ignored="0" total="2" passed="2">
  <reporter-output>
  </reporter-output>
  <suite name="Surefire suite" duration-ms="60" started-at="2017-08-03T20:11:19Z" finished-at="2017-08-03T20:11:20Z">
    <groups>
    </groups>
    <test name="Surefire test" duration-ms="60" started-at="2017-08-03T20:11:19Z" finished-at="2017-08-03T20:11:20Z">
      <class name="SumTest.SumTestIT">
        <test-method status="PASS" signature="instantiateBasicCalculator()[pri:0, instance:SumTest.SumTestIT@5a01ccaa]" name="instantiateBasicCalculator" is-config="true" duration-ms="19" started-at="2017-08-03T23:11:19Z" finished-at="2017-08-03T23:11:19Z">
          <reporter-output>
          </reporter-output>
        </test-method> <!-- instantiateBasicCalculator -->
        <test-method status="PASS" signature="addIntegers()[pri:0, instance:SumTest.SumTestIT@5a01ccaa]" name="addIntegers" duration-ms="4" started-at="2017-08-03T23:11:20Z" finished-at="2017-08-03T23:11:20Z">
          <reporter-output>
          </reporter-output>
        </test-method> <!-- addIntegers -->
        <test-method status="PASS" signature="doubleAdd()[pri:0, instance:SumTest.SumTestIT@5a01ccaa]" name="doubleAdd" duration-ms="0" started-at="2017-08-03T23:11:20Z" finished-at="2017-08-03T23:11:20Z">
          <reporter-output>
          </reporter-output>
        </test-method> <!-- doubleAdd -->
      </class> <!-- SumTest.SumTestIT -->
    </test> <!-- Surefire test -->
  </suite> <!-- Surefire suite -->
</testng-results>
